生成启动时间为 2018/7/26 星期四 下午 05:37:39。
     1>项目“F:\wavToMp3\Trans\Trans-1\Trans\Trans.vcxproj”在节点 2 上(Build 个目标)。
     1>InitializeBuildStatus:
         正在创建“F:\wavToMp3\Trans\Trans-1\Trans\obj\x64\Debug\Trans.tlog\unsuccessfulbuild”，因为已指定“AlwaysCreate”。
       _ValidateValidArchitecture:
         Validating architecture
         Current project architecture 'x64' is compatible with the remote system architecture 'x64' ('x64').
       _ValidateSources:
         Validating sources
       _CopySources:
         Copying sources remotely to '132.232.23.164'
         Copying file 'F:\wavToMp3\Trans\Trans-1\Trans\main.cpp' to '/root/projects/Trans/main.cpp'
       ClCompile:
         Starting remote build
         Compiling sources:
         Invoking 'g++'
         g++ -c -x c++ /root/projects/Trans/main.cpp -g2 -gdwarf-2 -o "/root/projects/Trans/obj/x64/Debug/main.o" -Wall -Wswitch -W"no-deprecated-declarations" -W"empty-body" -Wconversion -W"return-type" -Wparentheses -W"no-format" -Wuninitialized -W"unreachable-code" -W"unused-function" -W"unused-value" -W"unused-variable" -O0 -fno-strict-aliasing -fno-omit-frame-pointer -fthreadsafe-statics -fexceptions -frtti -std=c++11
         main.cpp
         /root/projects/Trans/main.cpp: In member function ‘void MyString::Split(std::string&, std::string&, const string&)’:
         /root/projects/Trans/main.cpp:41:26: warning: conversion to ‘int’ from ‘std::basic_string<char>::size_type {aka long unsigned int}’ may alter its value [-Wconversion]
            int pos = str.find(flag);
                                   ^
         /root/projects/Trans/main.cpp: In member function ‘int MyString::find(const string&)’:
         /root/projects/Trans/main.cpp:73:20: warning: conversion to ‘int’ from ‘std::basic_string<char>::size_type {aka long unsigned int}’ may alter its value [-Wconversion]
            return str.find(s);
                             ^
         /root/projects/Trans/main.cpp: In function ‘std::ostream& operator<<(std::ostream&, MyString&)’:
         /root/projects/Trans/main.cpp:82:1: warning: no return statement in function returning non-void [-Wreturn-type]
          }
          ^
         /root/projects/Trans/main.cpp: In function ‘void readFile(std::set<std::basic_string<char> >&, std::string&)’:
         /root/projects/Trans/main.cpp:152:36: warning: comparison between signed and unsigned integer expressions [-Wsign-compare]
              if (filename.find(".wav-") == -1)
                                             ^
         /root/projects/Trans/main.cpp:170:23: warning: comparison between signed and unsigned integer expressions [-Wsign-compare]
              if (s.find(".")==-1)
                                ^
         /root/projects/Trans/main.cpp: In function ‘void sig_handle(int)’:
         /root/projects/Trans/main.cpp:193:26: warning: deprecated conversion from string constant to ‘char*’ [-Wwrite-strings]
             Rename(FinishFile, "-");
                                   ^
         /root/projects/Trans/main.cpp: In function ‘void SetMp3(char*, char*, char*)’:
         /root/projects/Trans/main.cpp:207:31: warning: conversion to ‘int’ from ‘std::basic_string<char>::size_type {aka long unsigned int}’ may alter its value [-Wconversion]
           int a = name.find_last_of("/");
                                        ^
         /root/projects/Trans/main.cpp:208:31: warning: conversion to ‘int’ from ‘std::basic_string<char>::size_type {aka long unsigned int}’ may alter its value [-Wconversion]
           int b = name.find_last_of(".");
                                        ^
         /root/projects/Trans/main.cpp:205:20: warning: unused variable ‘aname’ [-Wunused-variable]
           char newname[128],aname[128];
                             ^
         /root/projects/Trans/main.cpp: In member function ‘void File::SetMp3(char*, char*)’:
         /root/projects/Trans/main.cpp:229:32: warning: conversion to ‘int’ from ‘std::basic_string<char>::size_type {aka long unsigned int}’ may alter its value [-Wconversion]
            int a = name.find_last_of("/");
                                         ^
         /root/projects/Trans/main.cpp:230:32: warning: conversion to ‘int’ from ‘std::basic_string<char>::size_type {aka long unsigned int}’ may alter its value [-Wconversion]
            int b = name.find_last_of(".");
                                         ^
         /root/projects/Trans/main.cpp:227:22: warning: unused variable ‘aname’ [-Wunused-variable]
            char newname[128], aname[128];
                               ^
         /root/projects/Trans/main.cpp: In member function ‘void File::sig_handle(int)’:
         /root/projects/Trans/main.cpp:261:27: warning: deprecated conversion from string constant to ‘char*’ [-Wwrite-strings]
              Rename(FinishFile, "-");
                                    ^
         
     1>F:\wavToMp3\Trans\Trans-1\Trans\main.cpp(41,26): warning : conversion to ‘int’ from ‘std::basic_string<char>::size_type {aka long unsigned int}’ may alter its value [-Wconversion]
F:\wavToMp3\Trans\Trans-1\Trans\main.cpp(41,26): warning :    int pos = str.find(flag);
F:\wavToMp3\Trans\Trans-1\Trans\main.cpp(41,26): warning :                           ^
     1>F:\wavToMp3\Trans\Trans-1\Trans\main.cpp(73,20): warning : conversion to ‘int’ from ‘std::basic_string<char>::size_type {aka long unsigned int}’ may alter its value [-Wconversion]
F:\wavToMp3\Trans\Trans-1\Trans\main.cpp(73,20): warning :    return str.find(s);
F:\wavToMp3\Trans\Trans-1\Trans\main.cpp(73,20): warning :                     ^
     1>F:\wavToMp3\Trans\Trans-1\Trans\main.cpp(82,1): warning : no return statement in function returning non-void [-Wreturn-type]
F:\wavToMp3\Trans\Trans-1\Trans\main.cpp(82,1): warning :  }
F:\wavToMp3\Trans\Trans-1\Trans\main.cpp(82,1): warning :  ^
     1>F:\wavToMp3\Trans\Trans-1\Trans\main.cpp(152,36): warning : comparison between signed and unsigned integer expressions [-Wsign-compare]
F:\wavToMp3\Trans\Trans-1\Trans\main.cpp(152,36): warning :      if (filename.find(".wav-") == -1)
F:\wavToMp3\Trans\Trans-1\Trans\main.cpp(152,36): warning :                                     ^
     1>F:\wavToMp3\Trans\Trans-1\Trans\main.cpp(170,23): warning : comparison between signed and unsigned integer expressions [-Wsign-compare]
F:\wavToMp3\Trans\Trans-1\Trans\main.cpp(170,23): warning :      if (s.find(".")==-1)
F:\wavToMp3\Trans\Trans-1\Trans\main.cpp(170,23): warning :                        ^
     1>F:\wavToMp3\Trans\Trans-1\Trans\main.cpp(193,26): warning : deprecated conversion from string constant to ‘char*’ [-Wwrite-strings]
F:\wavToMp3\Trans\Trans-1\Trans\main.cpp(193,26): warning :     Rename(FinishFile, "-");
F:\wavToMp3\Trans\Trans-1\Trans\main.cpp(193,26): warning :                           ^
     1>F:\wavToMp3\Trans\Trans-1\Trans\main.cpp(207,31): warning : conversion to ‘int’ from ‘std::basic_string<char>::size_type {aka long unsigned int}’ may alter its value [-Wconversion]
F:\wavToMp3\Trans\Trans-1\Trans\main.cpp(207,31): warning :   int a = name.find_last_of("/");
F:\wavToMp3\Trans\Trans-1\Trans\main.cpp(207,31): warning :                                ^
     1>F:\wavToMp3\Trans\Trans-1\Trans\main.cpp(208,31): warning : conversion to ‘int’ from ‘std::basic_string<char>::size_type {aka long unsigned int}’ may alter its value [-Wconversion]
F:\wavToMp3\Trans\Trans-1\Trans\main.cpp(208,31): warning :   int b = name.find_last_of(".");
F:\wavToMp3\Trans\Trans-1\Trans\main.cpp(208,31): warning :                                ^
     1>F:\wavToMp3\Trans\Trans-1\Trans\main.cpp(205,20): warning : unused variable ‘aname’ [-Wunused-variable]
F:\wavToMp3\Trans\Trans-1\Trans\main.cpp(205,20): warning :   char newname[128],aname[128];
F:\wavToMp3\Trans\Trans-1\Trans\main.cpp(205,20): warning :                     ^
     1>F:\wavToMp3\Trans\Trans-1\Trans\main.cpp(229,32): warning : conversion to ‘int’ from ‘std::basic_string<char>::size_type {aka long unsigned int}’ may alter its value [-Wconversion]
F:\wavToMp3\Trans\Trans-1\Trans\main.cpp(229,32): warning :    int a = name.find_last_of("/");
F:\wavToMp3\Trans\Trans-1\Trans\main.cpp(229,32): warning :                                 ^
     1>F:\wavToMp3\Trans\Trans-1\Trans\main.cpp(230,32): warning : conversion to ‘int’ from ‘std::basic_string<char>::size_type {aka long unsigned int}’ may alter its value [-Wconversion]
F:\wavToMp3\Trans\Trans-1\Trans\main.cpp(230,32): warning :    int b = name.find_last_of(".");
F:\wavToMp3\Trans\Trans-1\Trans\main.cpp(230,32): warning :                                 ^
     1>F:\wavToMp3\Trans\Trans-1\Trans\main.cpp(227,22): warning : unused variable ‘aname’ [-Wunused-variable]
F:\wavToMp3\Trans\Trans-1\Trans\main.cpp(227,22): warning :    char newname[128], aname[128];
F:\wavToMp3\Trans\Trans-1\Trans\main.cpp(227,22): warning :                       ^
     1>F:\wavToMp3\Trans\Trans-1\Trans\main.cpp(261,27): warning : deprecated conversion from string constant to ‘char*’ [-Wwrite-strings]
F:\wavToMp3\Trans\Trans-1\Trans\main.cpp(261,27): warning :      Rename(FinishFile, "-");
F:\wavToMp3\Trans\Trans-1\Trans\main.cpp(261,27): warning :                            ^
     1>F:\wavToMp3\Trans\Trans-1\Trans\main.cpp(284,37): warning : comparison between signed and unsigned integer expressions [-Wsign-compare]
F:\wavToMp3\Trans\Trans-1\Trans\main.cpp(284,37): warning :       if (filename.find(".wav-") == -1)
F:\wavToMp3\Trans\Trans-1\Trans\main.cpp(284,37): warning :                                      ^
     1>F:\wavToMp3\Trans\Trans-1\Trans\main.cpp(302,26): warning : comparison between signed and unsigned integer expressions [-Wsign-compare]
F:\wavToMp3\Trans\Trans-1\Trans\main.cpp(302,26): warning :       if (s.find(".") == -1)
F:\wavToMp3\Trans\Trans-1\Trans\main.cpp(302,26): warning :                           ^
     1>F:\wavToMp3\Trans\Trans-1\Trans\main.cpp(356,60): warning : deprecated conversion from string constant to ‘char*’ [-Wwrite-strings]
F:\wavToMp3\Trans\Trans-1\Trans\main.cpp(356,60): warning :       char *cmd[] = { "--preset fast standard",wav,mp3,NULL };
F:\wavToMp3\Trans\Trans-1\Trans\main.cpp(356,60): warning :                                                             ^
         Done compiling '/root/projects/Trans/main.cpp'
         /root/projects/Trans/main.cpp: In member function ‘void File::readFile(std::set<std::basic_string<char> >&, std::string&)’:
         /root/projects/Trans/main.cpp:284:37: warning: comparison between signed and unsigned integer expressions [-Wsign-compare]
               if (filename.find(".wav-") == -1)
                                              ^
         /root/projects/Trans/main.cpp:302:26: warning: comparison between signed and unsigned integer expressions [-Wsign-compare]
               if (s.find(".") == -1)
                                   ^
         /root/projects/Trans/main.cpp: In function ‘int main()’:
         /root/projects/Trans/main.cpp:356:60: warning: deprecated conversion from string constant to ‘char*’ [-Wwrite-strings]
               char *cmd[] = { "--preset fast standard",wav,mp3,NULL };
                                                                     ^
         
       Link:
         Linking objects
         Invoking 'ld'
         g++ -o "/root/projects/Trans/bin/x64/Debug/Trans.out" -Wl,--no-undefined -Wl,-z,relro -Wl,-z,now -Wl,-z,noexecstack /root/projects/Trans/obj/x64/Debug/main.o
         Done linking, output file name: '/root/projects/Trans/bin/x64/Debug/Trans.out'
         Copying file '/root/projects/Trans/bin/x64/Debug/Trans.out' to 'F:\wavToMp3\Trans\Trans-1\Trans\bin\x64\Debug\Trans.out'
         Trans.vcxproj -> F:\wavToMp3\Trans\Trans-1\Trans\bin\x64\Debug\Trans.out
       FinalizeBuildStatus:
         正在删除文件“F:\wavToMp3\Trans\Trans-1\Trans\obj\x64\Debug\Trans.tlog\unsuccessfulbuild”。
         正在对“F:\wavToMp3\Trans\Trans-1\Trans\obj\x64\Debug\Trans.tlog\Trans.lastbuildstate”执行 Touch 任务。
     1>已完成生成项目“F:\wavToMp3\Trans\Trans-1\Trans\Trans.vcxproj”(Build 个目标)的操作。

已成功生成。

       “F:\wavToMp3\Trans\Trans-1\Trans\Trans.vcxproj”(Build 目标) (1) ->
       (ClCompile 目标) -> 
         F:\wavToMp3\Trans\Trans-1\Trans\main.cpp(41,26): warning : conversion to ‘int’ from ‘std::basic_string<char>::size_type {aka long unsigned int}’ may alter its value [-Wconversion]
       F:\wavToMp3\Trans\Trans-1\Trans\main.cpp(41,26): warning :    int pos = str.find(flag);
       F:\wavToMp3\Trans\Trans-1\Trans\main.cpp(41,26): warning :                           ^
         F:\wavToMp3\Trans\Trans-1\Trans\main.cpp(73,20): warning : conversion to ‘int’ from ‘std::basic_string<char>::size_type {aka long unsigned int}’ may alter its value [-Wconversion]
       F:\wavToMp3\Trans\Trans-1\Trans\main.cpp(73,20): warning :    return str.find(s);
       F:\wavToMp3\Trans\Trans-1\Trans\main.cpp(73,20): warning :                     ^
         F:\wavToMp3\Trans\Trans-1\Trans\main.cpp(82,1): warning : no return statement in function returning non-void [-Wreturn-type]
       F:\wavToMp3\Trans\Trans-1\Trans\main.cpp(82,1): warning :  }
       F:\wavToMp3\Trans\Trans-1\Trans\main.cpp(82,1): warning :  ^
         F:\wavToMp3\Trans\Trans-1\Trans\main.cpp(152,36): warning : comparison between signed and unsigned integer expressions [-Wsign-compare]
       F:\wavToMp3\Trans\Trans-1\Trans\main.cpp(152,36): warning :      if (filename.find(".wav-") == -1)
       F:\wavToMp3\Trans\Trans-1\Trans\main.cpp(152,36): warning :                                     ^
         F:\wavToMp3\Trans\Trans-1\Trans\main.cpp(170,23): warning : comparison between signed and unsigned integer expressions [-Wsign-compare]
       F:\wavToMp3\Trans\Trans-1\Trans\main.cpp(170,23): warning :      if (s.find(".")==-1)
       F:\wavToMp3\Trans\Trans-1\Trans\main.cpp(170,23): warning :                        ^
         F:\wavToMp3\Trans\Trans-1\Trans\main.cpp(193,26): warning : deprecated conversion from string constant to ‘char*’ [-Wwrite-strings]
       F:\wavToMp3\Trans\Trans-1\Trans\main.cpp(193,26): warning :     Rename(FinishFile, "-");
       F:\wavToMp3\Trans\Trans-1\Trans\main.cpp(193,26): warning :                           ^
         F:\wavToMp3\Trans\Trans-1\Trans\main.cpp(207,31): warning : conversion to ‘int’ from ‘std::basic_string<char>::size_type {aka long unsigned int}’ may alter its value [-Wconversion]
       F:\wavToMp3\Trans\Trans-1\Trans\main.cpp(207,31): warning :   int a = name.find_last_of("/");
       F:\wavToMp3\Trans\Trans-1\Trans\main.cpp(207,31): warning :                                ^
         F:\wavToMp3\Trans\Trans-1\Trans\main.cpp(208,31): warning : conversion to ‘int’ from ‘std::basic_string<char>::size_type {aka long unsigned int}’ may alter its value [-Wconversion]
       F:\wavToMp3\Trans\Trans-1\Trans\main.cpp(208,31): warning :   int b = name.find_last_of(".");
       F:\wavToMp3\Trans\Trans-1\Trans\main.cpp(208,31): warning :                                ^
         F:\wavToMp3\Trans\Trans-1\Trans\main.cpp(205,20): warning : unused variable ‘aname’ [-Wunused-variable]
       F:\wavToMp3\Trans\Trans-1\Trans\main.cpp(205,20): warning :   char newname[128],aname[128];
       F:\wavToMp3\Trans\Trans-1\Trans\main.cpp(205,20): warning :                     ^
         F:\wavToMp3\Trans\Trans-1\Trans\main.cpp(229,32): warning : conversion to ‘int’ from ‘std::basic_string<char>::size_type {aka long unsigned int}’ may alter its value [-Wconversion]
       F:\wavToMp3\Trans\Trans-1\Trans\main.cpp(229,32): warning :    int a = name.find_last_of("/");
       F:\wavToMp3\Trans\Trans-1\Trans\main.cpp(229,32): warning :                                 ^
         F:\wavToMp3\Trans\Trans-1\Trans\main.cpp(230,32): warning : conversion to ‘int’ from ‘std::basic_string<char>::size_type {aka long unsigned int}’ may alter its value [-Wconversion]
       F:\wavToMp3\Trans\Trans-1\Trans\main.cpp(230,32): warning :    int b = name.find_last_of(".");
       F:\wavToMp3\Trans\Trans-1\Trans\main.cpp(230,32): warning :                                 ^
         F:\wavToMp3\Trans\Trans-1\Trans\main.cpp(227,22): warning : unused variable ‘aname’ [-Wunused-variable]
       F:\wavToMp3\Trans\Trans-1\Trans\main.cpp(227,22): warning :    char newname[128], aname[128];
       F:\wavToMp3\Trans\Trans-1\Trans\main.cpp(227,22): warning :                       ^
         F:\wavToMp3\Trans\Trans-1\Trans\main.cpp(261,27): warning : deprecated conversion from string constant to ‘char*’ [-Wwrite-strings]
       F:\wavToMp3\Trans\Trans-1\Trans\main.cpp(261,27): warning :      Rename(FinishFile, "-");
       F:\wavToMp3\Trans\Trans-1\Trans\main.cpp(261,27): warning :                            ^
         F:\wavToMp3\Trans\Trans-1\Trans\main.cpp(284,37): warning : comparison between signed and unsigned integer expressions [-Wsign-compare]
       F:\wavToMp3\Trans\Trans-1\Trans\main.cpp(284,37): warning :       if (filename.find(".wav-") == -1)
       F:\wavToMp3\Trans\Trans-1\Trans\main.cpp(284,37): warning :                                      ^
         F:\wavToMp3\Trans\Trans-1\Trans\main.cpp(302,26): warning : comparison between signed and unsigned integer expressions [-Wsign-compare]
       F:\wavToMp3\Trans\Trans-1\Trans\main.cpp(302,26): warning :       if (s.find(".") == -1)
       F:\wavToMp3\Trans\Trans-1\Trans\main.cpp(302,26): warning :                           ^
         F:\wavToMp3\Trans\Trans-1\Trans\main.cpp(356,60): warning : deprecated conversion from string constant to ‘char*’ [-Wwrite-strings]
       F:\wavToMp3\Trans\Trans-1\Trans\main.cpp(356,60): warning :       char *cmd[] = { "--preset fast standard",wav,mp3,NULL };
       F:\wavToMp3\Trans\Trans-1\Trans\main.cpp(356,60): warning :                                                             ^

    16 个警告
    0 个错误

已用时间 00:00:07.72
